1	w5	1188	15	0.03J
16	w2	1188	1	0.002J
17	w5	1188	1	0.002J
18	w2	1188	1	0.002J
19	w5	1188	1	0.002J
20	w2	1188	1	0.002J
21	w5	1188	1	0.002J
22	w2	1188	1	0.002J
23	w5	1188	1	0.002J
24	w2	1188	1	0.002J
25	w5	1188	1	0.002J
26	w2	1188	1	0.002J
27	w5	1188	1	0.002J
28	w2	1188	1	0.002J
29	w5	1188	1	0.002J
30	w2	1188	1	0.002J
31	w5	1188	1	0.002J
32	w2	1188	1	0.002J
33	w5	1188	1	0.002J
34	w2	1188	1	0.002J
35	w5	1188	1	0.002J
36	w2	1188	1	0.002J
37	w5	1188	1	0.002J
38	w2	1188	1	0.002J
39	w5	1188	1	0.002J
40	w2	1188	1	0.002J
41	w5	1188	1	0.002J
42	w2	1188	1	0.002J
43	w5	1188	1	0.002J
44	w2	1188	1	0.002J
45	w5	1188	1	0.002J
46	w2	1188	1	0.002J
47	w5	1188	1	0.002J
48	w2	1188	1	0.002J
49	w5	1188	1	0.002J
50	w2	1188	1	0.002J
51	w5	1188	1	0.002J
52	w2	1188	1	0.002J
53	w5	1188	1	0.002J
54	w2	1188	1	0.002J
55	w5	1188	1	0.002J
56	w2	1188	20	0.04J
76	w4	1188	3	0.006J
79	w3	1188	1	0.002J
80	w4	1188	1	0.002J
81	w3	1188	1	0.002J
82	w4	1188	1	0.002J
83	w3	1188	1	0.002J
84	w4	1188	1	0.002J
85	w3	1188	1	0.002J
86	w4	1188	1	0.002J
87	w3	1188	1	0.002J
88	w4	1188	1	0.002J
89	w3	1188	1	0.002J
90	w4	1188	1	0.002J
91	w3	1188	1	0.002J
92	w4	1188	1	0.002J
93	w3	1188	1	0.002J
94	w4	1188	1	0.002J
95	w3	1188	1	0.002J
96	w4	1188	1	0.002J
97	w3	1188	1	0.002J
98	w4	1188	1	0.002J
99	w3	1188	1	0.002J
100	w4	1188	1	0.002J
101	w3	1188	1	0.002J
102	w4	1188	1	0.002J
103	w3	1188	1	0.002J
104	w4	1188	1	0.002J
105	w3	1188	1	0.002J
106	w4	1188	1	0.002J
107	w3	1188	1	0.002J
108	w4	1188	1	0.002J
109	w3	1188	1	0.002J
110	w4	1188	1	0.002J
111	w3	1188	1	0.002J
112	w4	1188	1	0.002J
113	w3	1188	1	0.002J
114	w4	1188	1	0.002J
115	w3	1188	1	0.002J
116	w4	1188	1	0.002J
117	w3	1188	1	0.002J
118	w4	1188	1	0.002J
119	w3	1188	1	0.002J
120	w4	1188	1	0.002J
121	w3	1188	1	0.002J
122	w4	1188	1	0.002J
123	w3	1188	1	0.002J
124	w4	1188	1	0.002J
125	w3	1188	1	0.002J
126	w4	1188	1	0.002J
127	w3	1188	1	0.002J
128	w4	1188	1	0.002J
129	w3	1188	1	0.002J
130	w4	1188	1	0.002J
131	w3	1188	1	0.002J
132	w4	1188	1	0.002J
133	w3	1188	1	0.002J
134	w4	1188	1	0.002J
135	w3	1188	1	0.002J
136	w4	1188	1	0.002J
137	w3	1188	1	0.002J
138	w4	1188	1	0.002J
139	w3	1188	1	0.002J
140	w4	1188	1	0.002J
141	w3	1188	1	0.002J
142	w4	1188	1	0.002J
143	w3	1188	1	0.002J
144	w4	1188	1	0.002J
145	w3	1188	1	0.002J
146	w4	1188	1	0.002J
147	w3	1188	1	0.002J
148	w4	1188	1	0.002J
149	w3	1188	1	0.002J
150	w4	1188	1	0.002J
151	w3	1188	1	0.002J
152	w4	1188	1	0.002J
153	w3	1188	1	0.002J
154	w4	1188	1	0.002J
155	w3	1188	1	0.002J
156	w4	1188	1	0.002J
157	w3	1188	1	0.002J
158	w4	1188	1	0.002J
159	w3	1188	1	0.002J
160	w4	1188	1	0.002J
161	w3	1188	1	0.002J
162	w4	1188	1	0.002J
163	w3	1188	1	0.002J
164	w4	1188	1	0.002J
165	w3	1188	1	0.002J
166	w4	1188	1	0.002J
167	w3	1188	1	0.002J
168	w4	1188	1	0.002J
169	w3	1188	1	0.002J
170	w4	1188	1	0.002J
171	w3	1188	1	0.002J
172	w4	1188	1	0.002J
173	w3	1188	1	0.002J
174	w4	1188	1	0.002J
175	w3	1188	1	0.002J
176	w4	1188	1	0.002J
177	w3	1188	1	0.002J
178	w4	1188	1	0.002J
179	w3	1188	1	0.002J
180	w4	1188	1	0.002J
181	w3	1188	1	0.002J
182	w4	1188	1	0.002J
183	w3	1188	1	0.002J
184	w4	1188	1	0.002J
185	w3	1188	1	0.002J
186	w4	1188	1	0.002J
187	w3	1188	17	0.034J
204	w1	1188	1	0.002J
205	w3	1188	1	0.002J
206	w1	1188	1	0.002J
207	w3	1188	1	0.002J
208	w1	1188	1	0.002J
209	w3	1188	1	0.002J
210	w1	1188	1	0.002J
211	w3	1188	1	0.002J
212	w1	1188	1	0.002J
213	w3	1188	1	0.002J
214	w1	1188	1	0.002J
215	w3	1188	1	0.002J
216	w1	1188	1	0.002J
217	w3	1188	1	0.002J
218	w1	1188	1	0.002J
219	w3	1188	1	0.002J
220	w1	1188	1	0.002J
221	w3	1188	1	0.002J
222	w1	1188	1	0.002J
223	w3	1188	1	0.002J
224	w1	1188	1	0.002J
225	w3	1188	1	0.002J
226	w1	1188	1	0.002J
227	w3	1188	1	0.002J
228	w1	1188	1	0.002J
229	w3	1188	1	0.002J
230	w1	1188	1	0.002J
231	w3	1188	1	0.002J
232	w1	1188	1	0.002J
233	w3	1188	1	0.002J
234	w1	1188	1	0.002J
235	w3	1188	1	0.002J
236	w1	1188	1	0.002J
237	w3	1188	1	0.002J
238	w1	1188	1	0.002J
239	w3	1188	1	0.002J
240	w1	1188	1	0.002J
241	w3	1188	1	0.002J
242	w1	1188	1	0.002J
243	w3	1188	1	0.002J
244	w1	1188	1	0.002J
245	w3	1188	1	0.002J
246	w1	1188	1	0.002J
247	w3	1188	1	0.002J
248	w1	1188	1	0.002J
249	w3	1188	1	0.002J
250	w1	1188	1	0.002J
251	w3	1188	1	0.002J
252	w1	1188	1	0.002J
253	w3	1188	1	0.002J
254	w1	1188	1	0.002J
255	w3	1188	1	0.002J
256	w1	1188	1	0.002J
257	w3	1188	1	0.002J
258	w1	1188	1	0.002J
259	w3	1188	1	0.002J
260	w1	1188	1	0.002J
261	w3	1188	1	0.002J
262	w1	1188	1	0.002J
263	w3	1188	1	0.002J
264	w1	1188	1	0.002J
265	w3	1188	1	0.002J
266	w1	1188	1	0.002J
267	w3	1188	1	0.002J
268	w1	1188	1	0.002J
269	w3	1188	1	0.002J
270	w1	1188	20	0.04J
290	IDLE	IDLE	11	0.066J
301	w5	1188	35	0.07J
336	w2	1188	40	0.08J
376	IDLE	IDLE	75	0.45J
451	w4	1188	54	0.108J
505	w3	1188	1	0.002J
506	w4	1188	1	0.002J
507	w3	1188	1	0.002J
508	w4	1188	1	0.002J
509	w3	1188	1	0.002J
510	w4	1188	1	0.002J
511	w3	1188	89	0.178J
600	w1	1188	1	0.002J
601	w5	1188	35	0.07J
636	w3	1188	1	0.002J
637	w1	1188	1	0.002J
638	w3	1188	1	0.002J
639	w1	1188	1	0.002J
640	w3	1188	1	0.002J
641	w2	1188	40	0.08J
681	w1	1188	1	0.002J
682	w3	1188	1	0.002J
683	w1	1188	1	0.002J
684	w3	1188	1	0.002J
685	w1	1188	1	0.002J
686	w3	1188	1	0.002J
687	w1	1188	1	0.002J
688	w3	1188	1	0.002J
689	w1	1188	1	0.002J
690	w3	1188	1	0.002J
691	w1	1188	1	0.002J
692	w3	1188	1	0.002J
693	w1	1188	1	0.002J
694	w3	1188	1	0.002J
695	w1	1188	1	0.002J
696	w3	1188	1	0.002J
697	w1	1188	1	0.002J
698	w3	1188	1	0.002J
699	w1	1188	41	0.082J
740	IDLE	IDLE	161	0.966J
901	w5	1188	35	0.07J
936	w4	1188	25	0.05J
961	w2	1188	40	0.08J
Total energy consumed: 2.9880000000000004J
% of time spent idle: 24.7%
Total execution time: 753s
