1	w4	1188	37	23.125J
38	w2	1188	1	0.625J
39	w4	1188	1	0.625J
40	w2	1188	1	0.625J
41	w4	1188	1	0.625J
42	w2	1188	1	0.625J
43	w4	1188	1	0.625J
44	w2	1188	1	0.625J
45	w4	1188	1	0.625J
46	w2	1188	1	0.625J
47	w4	1188	1	0.625J
48	w2	1188	1	0.625J
49	w4	1188	1	0.625J
50	w2	1188	1	0.625J
51	w4	1188	1	0.625J
52	w2	1188	1	0.625J
53	w4	1188	1	0.625J
54	w2	1188	1	0.625J
55	w4	1188	1	0.625J
56	w2	1188	1	0.625J
57	w4	1188	1	0.625J
58	w2	1188	1	0.625J
59	w4	1188	1	0.625J
60	w2	1188	1	0.625J
61	w4	1188	1	0.625J
62	w2	1188	1	0.625J
63	w4	1188	1	0.625J
64	w2	1188	1	0.625J
65	w4	1188	1	0.625J
66	w2	1188	1	0.625J
67	w4	1188	1	0.625J
68	w2	1188	1	0.625J
69	w4	1188	1	0.625J
70	w2	1188	1	0.625J
71	w4	1188	1	0.625J
72	w2	1188	1	0.625J
73	w4	1188	1	0.625J
74	w2	1188	1	0.625J
75	w4	1188	1	0.625J
76	w2	1188	1	0.625J
77	w4	1188	1	0.625J
78	w2	1188	20	12.5J
98	w5	1188	35	21.875J
133	w3	1188	68	42.5J
201	w4	1188	57	35.625J
258	w2	1188	40	25.0J
298	w3	1188	3	1.875J
301	w1	1188	1	0.625J
302	w3	1188	1	0.625J
303	w1	1188	1	0.625J
304	w3	1188	1	0.625J
305	w1	1188	1	0.625J
306	w3	1188	1	0.625J
307	w1	1188	1	0.625J
308	w3	1188	1	0.625J
309	w1	1188	1	0.625J
310	w3	1188	1	0.625J
311	w1	1188	1	0.625J
312	w3	1188	1	0.625J
313	w1	1188	1	0.625J
314	w3	1188	1	0.625J
315	w1	1188	1	0.625J
316	w3	1188	1	0.625J
317	w1	1188	1	0.625J
318	w3	1188	1	0.625J
319	w1	1188	1	0.625J
320	w3	1188	1	0.625J
321	w1	1188	1	0.625J
322	w3	1188	1	0.625J
323	w1	1188	1	0.625J
324	w3	1188	1	0.625J
325	w1	1188	1	0.625J
326	w3	1188	1	0.625J
327	w1	1188	1	0.625J
328	w3	1188	1	0.625J
329	w1	1188	1	0.625J
330	w3	1188	1	0.625J
331	w1	1188	1	0.625J
332	w3	1188	1	0.625J
333	w1	1188	1	0.625J
334	w3	1188	1	0.625J
335	w1	1188	1	0.625J
336	w3	1188	1	0.625J
337	w1	1188	1	0.625J
338	w3	1188	1	0.625J
339	w1	1188	1	0.625J
340	w3	1188	1	0.625J
341	w1	1188	1	0.625J
342	w3	1188	1	0.625J
343	w1	1188	1	0.625J
344	w3	1188	1	0.625J
345	w1	1188	1	0.625J
346	w3	1188	1	0.625J
347	w1	1188	1	0.625J
348	w3	1188	1	0.625J
349	w1	1188	1	0.625J
350	w3	1188	1	0.625J
351	w1	1188	1	0.625J
352	w3	1188	1	0.625J
353	w1	1188	1	0.625J
354	w3	1188	1	0.625J
355	w1	1188	1	0.625J
356	w3	1188	1	0.625J
357	w1	1188	1	0.625J
358	w3	1188	1	0.625J
359	w1	1188	1	0.625J
360	w3	1188	1	0.625J
361	w1	1188	1	0.625J
362	w3	1188	1	0.625J
363	w1	1188	1	0.625J
364	w3	1188	1	0.625J
365	w1	1188	1	0.625J
366	w3	1188	1	0.625J
367	w1	1188	20	12.5J
387	w5	1188	14	8.75J
401	w4	1188	36	22.5J
437	w5	1188	1	0.625J
438	w4	1188	1	0.625J
439	w5	1188	1	0.625J
440	w4	1188	1	0.625J
441	w5	1188	1	0.625J
442	w4	1188	1	0.625J
443	w5	1188	1	0.625J
444	w4	1188	1	0.625J
445	w5	1188	1	0.625J
446	w4	1188	1	0.625J
447	w5	1188	1	0.625J
448	w4	1188	1	0.625J
449	w5	1188	1	0.625J
450	w4	1188	1	0.625J
451	w5	1188	1	0.625J
452	w4	1188	1	0.625J
453	w5	1188	1	0.625J
454	w4	1188	1	0.625J
455	w5	1188	1	0.625J
456	w4	1188	1	0.625J
457	w5	1188	1	0.625J
458	w4	1188	1	0.625J
459	w5	1188	1	0.625J
460	w4	1188	1	0.625J
461	w5	1188	1	0.625J
462	w4	1188	1	0.625J
463	w5	1188	1	0.625J
464	w4	1188	1	0.625J
465	w5	1188	1	0.625J
466	w4	1188	1	0.625J
467	w5	1188	1	0.625J
468	w4	1188	1	0.625J
469	w5	1188	1	0.625J
470	w4	1188	1	0.625J
471	w5	1188	1	0.625J
472	w4	1188	1	0.625J
473	w5	1188	1	0.625J
474	w4	1188	1	0.625J
475	w5	1188	1	0.625J
476	w4	1188	1	0.625J
477	w5	1188	1	0.625J
478	w4	1188	1	0.625J
479	w2	1188	40	25.0J
519	w3	1188	82	51.25J
601	w4	1188	57	35.625J
658	w5	1188	3	1.875J
661	w2	1188	28	17.5J
689	w5	1188	1	0.625J
690	w2	1188	1	0.625J
691	w5	1188	1	0.625J
692	w2	1188	1	0.625J
693	w5	1188	1	0.625J
694	w2	1188	1	0.625J
695	w5	1188	1	0.625J
696	w2	1188	1	0.625J
697	w5	1188	1	0.625J
698	w2	1188	1	0.625J
699	w5	1188	1	0.625J
700	w2	1188	1	0.625J
701	w5	1188	1	0.625J
702	w2	1188	1	0.625J
703	w5	1188	1	0.625J
704	w2	1188	1	0.625J
705	w5	1188	1	0.625J
706	w2	1188	1	0.625J
707	w5	1188	1	0.625J
708	w2	1188	1	0.625J
709	w5	1188	1	0.625J
710	w2	1188	1	0.625J
711	w5	1188	1	0.625J
712	w2	1188	1	0.625J
713	w5	1188	20	12.5J
733	w3	1188	10	6.25J
743	w1	1188	1	0.625J
744	w3	1188	1	0.625J
745	w1	1188	1	0.625J
746	w3	1188	1	0.625J
747	w1	1188	1	0.625J
748	w3	1188	1	0.625J
749	w1	1188	1	0.625J
750	w3	1188	1	0.625J
751	w1	1188	1	0.625J
752	w3	1188	1	0.625J
753	w1	1188	1	0.625J
754	w3	1188	1	0.625J
755	w1	1188	1	0.625J
756	w3	1188	1	0.625J
757	w1	1188	1	0.625J
758	w3	1188	1	0.625J
759	w1	1188	1	0.625J
760	w3	1188	1	0.625J
761	w1	1188	1	0.625J
762	w3	1188	1	0.625J
763	w1	1188	1	0.625J
764	w3	1188	1	0.625J
765	w1	1188	1	0.625J
766	w3	1188	1	0.625J
767	w1	1188	34	21.25J
801	w4	1188	57	35.625J
858	w1	1188	7	4.375J
865	IDLE	IDLE	16	1.344J
881	w2	1188	40	25.0J
921	w5	1188	35	21.875J
956	IDLE	IDLE	45	3.7800000000000002J
Total energy consumed: 591.999J
% of time spent idle: 6.1%
Total execution time: 939s
