1	w5	1188	35	0.07J
36	w2	1188	40	0.08J
76	w4	1188	57	0.114J
133	w3	1188	104	0.20800000000000002J
237	w1	1188	53	0.106J
290	IDLE	IDLE	11	0.066J
301	w5	1188	35	0.07J
336	w2	1188	40	0.08J
376	IDLE	IDLE	75	0.45J
451	w4	1188	57	0.114J
508	w3	1188	93	0.186J
601	w5	1188	35	0.07J
636	w3	1188	5	0.01J
641	w2	1188	40	0.08J
681	w3	1188	6	0.012J
687	w1	1188	53	0.106J
740	IDLE	IDLE	161	0.966J
901	w5	1188	35	0.07J
936	w4	1188	25	0.05J
961	w2	1188	40	0.08J
Total energy consumed: 2.988J
% of time spent idle: 24.7%
Total execution time: 753s
