1	w4	1188	37	23.125J
38	w2	1188	1	0.625J
39	w4	1188	1	0.625J
40	w2	1188	1	0.625J
41	w4	1188	1	0.625J
42	w2	1188	1	0.625J
43	w4	1188	1	0.625J
44	w2	1188	1	0.625J
45	w4	1188	1	0.625J
46	w2	1188	1	0.625J
47	w4	1188	1	0.625J
48	w2	1188	1	0.625J
49	w4	1188	1	0.625J
50	w2	1188	1	0.625J
51	w4	1188	1	0.625J
52	w2	1188	1	0.625J
53	w4	1188	1	0.625J
54	w2	1188	1	0.625J
55	w4	1188	1	0.625J
56	w2	1188	1	0.625J
57	w4	1188	1	0.625J
58	w2	1188	1	0.625J
59	w4	1188	1	0.625J
60	w2	1188	1	0.625J
61	w4	1188	1	0.625J
62	w2	1188	1	0.625J
63	w4	1188	1	0.625J
64	w2	1188	1	0.625J
65	w4	1188	1	0.625J
66	w2	1188	1	0.625J
67	w4	1188	1	0.625J
68	w2	1188	1	0.625J
69	w4	1188	1	0.625J
70	w2	1188	1	0.625J
71	w4	1188	1	0.625J
72	w2	1188	1	0.625J
73	w4	1188	1	0.625J
74	w2	1188	1	0.625J
75	w4	1188	1	0.625J
76	w2	1188	1	0.625J
77	w4	1188	1	0.625J
78	w2	1188	20	12.5J
98	w5	648	62	19.034J
160	w3	1188	41	25.625J
201	w4	1188	57	35.625J
258	w2	1188	37	23.125J
295	w3	1188	1	0.625J
296	w2	1188	1	0.625J
297	w3	1188	1	0.625J
298	w2	1188	1	0.625J
299	w3	1188	1	0.625J
300	w2	1188	1	0.625J
301	w3	1188	27	16.875J
328	w1	1188	1	0.625J
329	w3	1188	1	0.625J
330	w1	1188	1	0.625J
331	w3	1188	1	0.625J
332	w1	1188	1	0.625J
333	w3	1188	1	0.625J
334	w1	1188	1	0.625J
335	w3	1188	1	0.625J
336	w1	1188	1	0.625J
337	w3	1188	1	0.625J
338	w1	1188	1	0.625J
339	w3	1188	1	0.625J
340	w1	1188	1	0.625J
341	w3	1188	1	0.625J
342	w1	1188	1	0.625J
343	w3	1188	1	0.625J
344	w1	1188	1	0.625J
345	w3	1188	1	0.625J
346	w1	1188	1	0.625J
347	w3	1188	1	0.625J
348	w1	1188	1	0.625J
349	w3	1188	1	0.625J
350	w1	1188	1	0.625J
351	w3	1188	1	0.625J
352	w1	1188	1	0.625J
353	w3	1188	1	0.625J
354	w1	1188	1	0.625J
355	w3	1188	1	0.625J
356	w1	1188	1	0.625J
357	w3	1188	1	0.625J
358	w1	1188	1	0.625J
359	w3	1188	1	0.625J
360	w1	1188	1	0.625J
361	w3	1188	1	0.625J
362	w1	1188	1	0.625J
363	w3	1188	1	0.625J
364	w1	1188	1	0.625J
365	w3	1188	1	0.625J
366	w1	1188	1	0.625J
367	w3	1188	1	0.625J
368	w1	1188	1	0.625J
369	w3	1188	1	0.625J
370	w1	1188	1	0.625J
371	w3	1188	1	0.625J
372	w1	1188	1	0.625J
373	w3	1188	1	0.625J
374	w1	1188	1	0.625J
375	w3	1188	1	0.625J
376	w1	1188	1	0.625J
377	w3	1188	1	0.625J
378	w1	1188	1	0.625J
379	w3	1188	1	0.625J
380	w1	1188	1	0.625J
381	w3	1188	1	0.625J
382	w1	1188	1	0.625J
383	w3	1188	1	0.625J
384	w1	1188	1	0.625J
385	w3	1188	1	0.625J
386	w1	1188	1	0.625J
387	w3	1188	1	0.625J
388	w1	1188	1	0.625J
389	w3	1188	1	0.625J
390	w1	1188	1	0.625J
391	w3	1188	1	0.625J
392	w1	1188	1	0.625J
393	w3	1188	1	0.625J
394	w1	1188	20	12.5J
414	w5	648	6	1.842J
420	w4	1188	1	0.625J
421	w5	648	1	0.307J
422	w4	1188	1	0.625J
423	w5	648	1	0.307J
424	w4	1188	1	0.625J
425	w5	648	1	0.307J
426	w4	1188	1	0.625J
427	w5	648	1	0.307J
428	w4	1188	1	0.625J
429	w5	648	1	0.307J
430	w4	1188	1	0.625J
431	w5	648	1	0.307J
432	w4	1188	1	0.625J
433	w5	648	1	0.307J
434	w4	1188	1	0.625J
435	w5	648	1	0.307J
436	w4	1188	1	0.625J
437	w5	648	1	0.307J
438	w4	1188	1	0.625J
439	w5	648	1	0.307J
440	w4	1188	1	0.625J
441	w5	648	1	0.307J
442	w4	1188	1	0.625J
443	w5	648	1	0.307J
444	w4	1188	1	0.625J
445	w5	648	1	0.307J
446	w4	1188	1	0.625J
447	w5	648	1	0.307J
448	w4	1188	1	0.625J
449	w5	648	1	0.307J
450	w4	1188	1	0.625J
451	w5	648	1	0.307J
452	w4	1188	1	0.625J
453	w5	648	1	0.307J
454	w4	1188	1	0.625J
455	w5	648	1	0.307J
456	w4	1188	1	0.625J
457	w5	648	1	0.307J
458	w4	1188	1	0.625J
459	w5	648	1	0.307J
460	w4	1188	1	0.625J
461	w5	648	1	0.307J
462	w4	1188	1	0.625J
463	w5	648	1	0.307J
464	w4	1188	1	0.625J
465	w5	648	1	0.307J
466	w4	1188	1	0.625J
467	w5	648	1	0.307J
468	w4	1188	1	0.625J
469	w5	648	1	0.307J
470	w4	1188	1	0.625J
471	w5	648	1	0.307J
472	w4	1188	1	0.625J
473	w5	648	1	0.307J
474	w4	1188	1	0.625J
475	w5	648	1	0.307J
476	w4	1188	1	0.625J
477	w5	648	1	0.307J
478	w4	1188	1	0.625J
479	w5	648	1	0.307J
480	w4	1188	1	0.625J
481	w5	648	1	0.307J
482	w4	1188	1	0.625J
483	w5	648	1	0.307J
484	w4	1188	1	0.625J
485	w5	648	1	0.307J
486	w4	1188	1	0.625J
487	w5	648	1	0.307J
488	w4	1188	1	0.625J
489	w5	648	1	0.307J
490	w4	1188	1	0.625J
491	w5	648	1	0.307J
492	w4	1188	1	0.625J
493	w5	648	1	0.307J
494	w4	1188	1	0.625J
495	w5	648	1	0.307J
496	w4	1188	1	0.625J
497	w5	648	1	0.307J
498	w4	1188	1	0.625J
499	w5	648	1	0.307J
500	w4	1188	1	0.625J
501	w5	648	1	0.307J
502	w4	1188	1	0.625J
503	w5	648	1	0.307J
504	w4	1188	1	0.625J
505	w5	648	1	0.307J
506	w4	1188	1	0.625J
507	w5	648	1	0.307J
508	w4	1188	1	0.625J
509	w5	648	1	0.307J
510	w4	1188	1	0.625J
511	w5	648	1	0.307J
512	w4	1188	1	0.625J
513	w5	648	1	0.307J
514	w4	1188	1	0.625J
515	w5	648	1	0.307J
516	w4	1188	1	0.625J
517	w5	648	1	0.307J
518	w4	1188	1	0.625J
519	w5	648	1	0.307J
520	w4	1188	1	0.625J
521	w5	648	1	0.307J
522	w4	1188	1	0.625J
523	w5	648	1	0.307J
524	w4	1188	1	0.625J
525	w5	648	1	0.307J
526	w4	1188	1	0.625J
527	w5	648	1	0.307J
528	w4	1188	1	0.625J
529	w5	648	1	0.307J
530	w4	1188	1	0.625J
531	w5	648	1	0.307J
532	w4	1188	1	0.625J
533	w2	1188	40	25.0J
573	w3	1188	28	17.5J
601	w4	1188	57	35.625J
658	w5	648	3	0.921J
661	w2	1188	1	0.625J
662	w5	648	1	0.307J
663	w2	1188	1	0.625J
664	w5	648	1	0.307J
665	w2	1188	1	0.625J
666	w5	648	1	0.307J
667	w2	1188	1	0.625J
668	w5	648	1	0.307J
669	w2	1188	1	0.625J
670	w5	648	1	0.307J
671	w2	1188	1	0.625J
672	w5	648	1	0.307J
673	w2	1188	1	0.625J
674	w5	648	1	0.307J
675	w2	1188	1	0.625J
676	w5	648	1	0.307J
677	w2	1188	1	0.625J
678	w5	648	1	0.307J
679	w2	1188	1	0.625J
680	w5	648	1	0.307J
681	w2	1188	1	0.625J
682	w5	648	1	0.307J
683	w2	1188	1	0.625J
684	w5	648	1	0.307J
685	w2	1188	1	0.625J
686	w5	648	1	0.307J
687	w2	1188	1	0.625J
688	w5	648	1	0.307J
689	w2	1188	1	0.625J
690	w5	648	1	0.307J
691	w2	1188	1	0.625J
692	w5	648	1	0.307J
693	w2	1188	1	0.625J
694	w5	648	1	0.307J
695	w2	1188	1	0.625J
696	w5	648	1	0.307J
697	w2	1188	1	0.625J
698	w5	648	1	0.307J
699	w2	1188	1	0.625J
700	w5	648	1	0.307J
701	w2	1188	1	0.625J
702	w5	648	1	0.307J
703	w2	1188	1	0.625J
704	w5	648	1	0.307J
705	w2	1188	1	0.625J
706	w5	648	1	0.307J
707	w2	1188	1	0.625J
708	w5	648	1	0.307J
709	w2	1188	1	0.625J
710	w5	648	1	0.307J
711	w2	1188	1	0.625J
712	w5	648	1	0.307J
713	w2	1188	1	0.625J
714	w5	648	1	0.307J
715	w2	1188	1	0.625J
716	w5	648	1	0.307J
717	w2	1188	1	0.625J
718	w5	648	1	0.307J
719	w2	1188	1	0.625J
720	w5	648	1	0.307J
721	w2	1188	1	0.625J
722	w5	648	1	0.307J
723	w2	1188	1	0.625J
724	w5	648	1	0.307J
725	w2	1188	1	0.625J
726	w5	648	1	0.307J
727	w2	1188	1	0.625J
728	w5	648	1	0.307J
729	w2	1188	1	0.625J
730	w5	648	1	0.307J
731	w2	1188	1	0.625J
732	w5	648	1	0.307J
733	w2	1188	1	0.625J
734	w5	648	1	0.307J
735	w2	1188	1	0.625J
736	w5	648	1	0.307J
737	w2	1188	1	0.625J
738	w5	648	1	0.307J
739	w2	1188	1	0.625J
740	w5	648	20	6.14J
760	w3	1188	41	25.625J
801	w4	1188	22	13.75J
823	w3	1188	1	0.625J
824	w4	1188	1	0.625J
825	w3	1188	1	0.625J
826	w4	1188	1	0.625J
827	w3	1188	1	0.625J
828	w4	1188	1	0.625J
829	w3	1188	1	0.625J
830	w4	1188	1	0.625J
831	w3	1188	1	0.625J
832	w4	1188	1	0.625J
833	w3	1188	1	0.625J
834	w4	1188	1	0.625J
835	w3	1188	1	0.625J
836	w4	1188	1	0.625J
837	w3	1188	1	0.625J
838	w4	1188	1	0.625J
839	w3	1188	1	0.625J
840	w4	1188	1	0.625J
841	w3	1188	1	0.625J
842	w4	1188	1	0.625J
843	w3	1188	1	0.625J
844	w4	1188	1	0.625J
845	w3	1188	1	0.625J
846	w4	1188	1	0.625J
847	w3	1188	1	0.625J
848	w4	1188	1	0.625J
849	w3	1188	1	0.625J
850	w4	1188	1	0.625J
851	w3	1188	1	0.625J
852	w4	1188	1	0.625J
853	w3	1188	1	0.625J
854	w4	1188	1	0.625J
855	w3	1188	1	0.625J
856	w4	1188	1	0.625J
857	w3	1188	1	0.625J
858	w4	1188	1	0.625J
859	w3	1188	1	0.625J
860	w4	1188	1	0.625J
861	w3	1188	1	0.625J
862	w4	1188	1	0.625J
863	w3	1188	1	0.625J
864	w4	1188	1	0.625J
865	w3	1188	1	0.625J
866	w4	1188	1	0.625J
867	w3	1188	1	0.625J
868	w1	1188	1	0.625J
869	w4	1188	1	0.625J
870	w3	1188	1	0.625J
871	w1	1188	1	0.625J
872	w4	1188	1	0.625J
873	w3	1188	1	0.625J
874	w1	1188	1	0.625J
875	w4	1188	1	0.625J
876	w3	1188	1	0.625J
877	w1	1188	1	0.625J
878	w4	1188	1	0.625J
879	w3	1188	1	0.625J
880	w1	1188	1	0.625J
881	w4	1188	1	0.625J
882	w3	1188	1	0.625J
883	w1	1188	1	0.625J
884	w4	1188	1	0.625J
885	w3	1188	1	0.625J
886	w1	1188	1	0.625J
887	w4	1188	1	0.625J
888	w3	1188	1	0.625J
889	w1	1188	1	0.625J
890	w4	1188	1	0.625J
891	w3	1188	1	0.625J
892	w1	1188	1	0.625J
893	w4	1188	1	0.625J
894	w3	1188	1	0.625J
895	w1	1188	1	0.625J
896	w4	1188	1	0.625J
897	w3	1188	1	0.625J
898	w1	1188	1	0.625J
899	w4	1188	1	0.625J
900	w3	1188	1	0.625J
901	w1	1188	1	0.625J
902	w4	1188	1	0.625J
903	w3	1188	1	0.625J
904	w1	1188	1	0.625J
905	w4	1188	1	0.625J
906	w1	1188	40	25.0J
946	w2	1188	40	25.0J
986	w5	648	15	4.6049999999999995J
Total energy consumed: 561.082000000001J
% of time spent idle: 0.0%
Total execution time: 1000s
