1	w4	1188	37	0.074J
38	w2	1188	1	0.002J
39	w4	1188	1	0.002J
40	w2	1188	1	0.002J
41	w4	1188	1	0.002J
42	w2	1188	1	0.002J
43	w4	1188	1	0.002J
44	w2	1188	1	0.002J
45	w4	1188	1	0.002J
46	w2	1188	1	0.002J
47	w4	1188	1	0.002J
48	w2	1188	1	0.002J
49	w4	1188	1	0.002J
50	w2	1188	1	0.002J
51	w4	1188	1	0.002J
52	w2	1188	1	0.002J
53	w4	1188	1	0.002J
54	w2	1188	1	0.002J
55	w4	1188	1	0.002J
56	w2	1188	1	0.002J
57	w4	1188	1	0.002J
58	w2	1188	1	0.002J
59	w4	1188	1	0.002J
60	w2	1188	1	0.002J
61	w4	1188	1	0.002J
62	w2	1188	1	0.002J
63	w4	1188	1	0.002J
64	w2	1188	1	0.002J
65	w4	1188	1	0.002J
66	w2	1188	1	0.002J
67	w4	1188	1	0.002J
68	w2	1188	1	0.002J
69	w4	1188	1	0.002J
70	w2	1188	1	0.002J
71	w4	1188	1	0.002J
72	w2	1188	1	0.002J
73	w4	1188	1	0.002J
74	w2	1188	1	0.002J
75	w4	1188	1	0.002J
76	w2	1188	1	0.002J
77	w4	1188	1	0.002J
78	w2	1188	20	0.04J
98	w5	1188	35	0.07J
133	w3	1188	68	0.136J
201	w4	1188	57	0.114J
258	w2	1188	40	0.08J
298	w3	1188	3	0.006J
301	w1	1188	1	0.002J
302	w3	1188	1	0.002J
303	w1	1188	1	0.002J
304	w3	1188	1	0.002J
305	w1	1188	1	0.002J
306	w3	1188	1	0.002J
307	w1	1188	1	0.002J
308	w3	1188	1	0.002J
309	w1	1188	1	0.002J
310	w3	1188	1	0.002J
311	w1	1188	1	0.002J
312	w3	1188	1	0.002J
313	w1	1188	1	0.002J
314	w3	1188	1	0.002J
315	w1	1188	1	0.002J
316	w3	1188	1	0.002J
317	w1	1188	1	0.002J
318	w3	1188	1	0.002J
319	w1	1188	1	0.002J
320	w3	1188	1	0.002J
321	w1	1188	1	0.002J
322	w3	1188	1	0.002J
323	w1	1188	1	0.002J
324	w3	1188	1	0.002J
325	w1	1188	1	0.002J
326	w3	1188	1	0.002J
327	w1	1188	1	0.002J
328	w3	1188	1	0.002J
329	w1	1188	1	0.002J
330	w3	1188	1	0.002J
331	w1	1188	1	0.002J
332	w3	1188	1	0.002J
333	w1	1188	1	0.002J
334	w3	1188	1	0.002J
335	w1	1188	1	0.002J
336	w3	1188	1	0.002J
337	w1	1188	1	0.002J
338	w3	1188	1	0.002J
339	w1	1188	1	0.002J
340	w3	1188	1	0.002J
341	w1	1188	1	0.002J
342	w3	1188	1	0.002J
343	w1	1188	1	0.002J
344	w3	1188	1	0.002J
345	w1	1188	1	0.002J
346	w3	1188	1	0.002J
347	w1	1188	1	0.002J
348	w3	1188	1	0.002J
349	w1	1188	1	0.002J
350	w3	1188	1	0.002J
351	w1	1188	1	0.002J
352	w3	1188	1	0.002J
353	w1	1188	1	0.002J
354	w3	1188	1	0.002J
355	w1	1188	1	0.002J
356	w3	1188	1	0.002J
357	w1	1188	1	0.002J
358	w3	1188	1	0.002J
359	w1	1188	1	0.002J
360	w3	1188	1	0.002J
361	w1	1188	1	0.002J
362	w3	1188	1	0.002J
363	w1	1188	1	0.002J
364	w3	1188	1	0.002J
365	w1	1188	1	0.002J
366	w3	1188	1	0.002J
367	w1	1188	20	0.04J
387	w5	1188	14	0.028J
401	w4	1188	36	0.07200000000000001J
437	w5	1188	1	0.002J
438	w4	1188	1	0.002J
439	w5	1188	1	0.002J
440	w4	1188	1	0.002J
441	w5	1188	1	0.002J
442	w4	1188	1	0.002J
443	w5	1188	1	0.002J
444	w4	1188	1	0.002J
445	w5	1188	1	0.002J
446	w4	1188	1	0.002J
447	w5	1188	1	0.002J
448	w4	1188	1	0.002J
449	w5	1188	1	0.002J
450	w4	1188	1	0.002J
451	w5	1188	1	0.002J
452	w4	1188	1	0.002J
453	w5	1188	1	0.002J
454	w4	1188	1	0.002J
455	w5	1188	1	0.002J
456	w4	1188	1	0.002J
457	w5	1188	1	0.002J
458	w4	1188	1	0.002J
459	w5	1188	1	0.002J
460	w4	1188	1	0.002J
461	w5	1188	1	0.002J
462	w4	1188	1	0.002J
463	w5	1188	1	0.002J
464	w4	1188	1	0.002J
465	w5	1188	1	0.002J
466	w4	1188	1	0.002J
467	w5	1188	1	0.002J
468	w4	1188	1	0.002J
469	w5	1188	1	0.002J
470	w4	1188	1	0.002J
471	w5	1188	1	0.002J
472	w4	1188	1	0.002J
473	w5	1188	1	0.002J
474	w4	1188	1	0.002J
475	w5	1188	1	0.002J
476	w4	1188	1	0.002J
477	w5	1188	1	0.002J
478	w4	1188	1	0.002J
479	w2	1188	40	0.08J
519	w3	1188	82	0.164J
601	w4	1188	57	0.114J
658	w5	1188	3	0.006J
661	w2	1188	28	0.056J
689	w5	1188	1	0.002J
690	w2	1188	1	0.002J
691	w5	1188	1	0.002J
692	w2	1188	1	0.002J
693	w5	1188	1	0.002J
694	w2	1188	1	0.002J
695	w5	1188	1	0.002J
696	w2	1188	1	0.002J
697	w5	1188	1	0.002J
698	w2	1188	1	0.002J
699	w5	1188	1	0.002J
700	w2	1188	1	0.002J
701	w5	1188	1	0.002J
702	w2	1188	1	0.002J
703	w5	1188	1	0.002J
704	w2	1188	1	0.002J
705	w5	1188	1	0.002J
706	w2	1188	1	0.002J
707	w5	1188	1	0.002J
708	w2	1188	1	0.002J
709	w5	1188	1	0.002J
710	w2	1188	1	0.002J
711	w5	1188	1	0.002J
712	w2	1188	1	0.002J
713	w5	1188	20	0.04J
733	w3	1188	10	0.02J
743	w1	1188	1	0.002J
744	w3	1188	1	0.002J
745	w1	1188	1	0.002J
746	w3	1188	1	0.002J
747	w1	1188	1	0.002J
748	w3	1188	1	0.002J
749	w1	1188	1	0.002J
750	w3	1188	1	0.002J
751	w1	1188	1	0.002J
752	w3	1188	1	0.002J
753	w1	1188	1	0.002J
754	w3	1188	1	0.002J
755	w1	1188	1	0.002J
756	w3	1188	1	0.002J
757	w1	1188	1	0.002J
758	w3	1188	1	0.002J
759	w1	1188	1	0.002J
760	w3	1188	1	0.002J
761	w1	1188	1	0.002J
762	w3	1188	1	0.002J
763	w1	1188	1	0.002J
764	w3	1188	1	0.002J
765	w1	1188	1	0.002J
766	w3	1188	1	0.002J
767	w1	1188	34	0.068J
801	w4	1188	57	0.114J
858	w1	1188	7	0.014J
865	IDLE	IDLE	16	0.096J
881	w2	1188	40	0.08J
921	w5	1188	35	0.07J
956	IDLE	IDLE	45	0.27J
Total energy consumed: 2.244000000000001J
% of time spent idle: 6.1%
Total execution time: 939s
