1	w5	1188	15	9.375J
16	w2	1188	1	0.625J
17	w5	1188	1	0.625J
18	w2	1188	1	0.625J
19	w5	1188	1	0.625J
20	w2	1188	1	0.625J
21	w5	1188	1	0.625J
22	w2	1188	1	0.625J
23	w5	1188	1	0.625J
24	w2	1188	1	0.625J
25	w5	1188	1	0.625J
26	w2	1188	1	0.625J
27	w5	1188	1	0.625J
28	w2	1188	1	0.625J
29	w5	1188	1	0.625J
30	w2	1188	1	0.625J
31	w5	1188	1	0.625J
32	w2	1188	1	0.625J
33	w5	1188	1	0.625J
34	w2	1188	1	0.625J
35	w5	1188	1	0.625J
36	w2	1188	1	0.625J
37	w5	1188	1	0.625J
38	w2	1188	1	0.625J
39	w5	1188	1	0.625J
40	w2	1188	1	0.625J
41	w5	1188	1	0.625J
42	w2	1188	1	0.625J
43	w5	1188	1	0.625J
44	w2	1188	1	0.625J
45	w5	1188	1	0.625J
46	w2	1188	1	0.625J
47	w5	1188	1	0.625J
48	w2	1188	1	0.625J
49	w5	1188	1	0.625J
50	w2	1188	1	0.625J
51	w5	1188	1	0.625J
52	w2	1188	1	0.625J
53	w5	1188	1	0.625J
54	w2	1188	1	0.625J
55	w5	1188	1	0.625J
56	w2	1188	20	12.5J
76	w4	1188	3	1.875J
79	w3	1188	1	0.625J
80	w4	1188	1	0.625J
81	w3	1188	1	0.625J
82	w4	1188	1	0.625J
83	w3	1188	1	0.625J
84	w4	1188	1	0.625J
85	w3	1188	1	0.625J
86	w4	1188	1	0.625J
87	w3	1188	1	0.625J
88	w4	1188	1	0.625J
89	w3	1188	1	0.625J
90	w4	1188	1	0.625J
91	w3	1188	1	0.625J
92	w4	1188	1	0.625J
93	w3	1188	1	0.625J
94	w4	1188	1	0.625J
95	w3	1188	1	0.625J
96	w4	1188	1	0.625J
97	w3	1188	1	0.625J
98	w4	1188	1	0.625J
99	w3	1188	1	0.625J
100	w4	1188	1	0.625J
101	w3	1188	1	0.625J
102	w4	1188	1	0.625J
103	w3	1188	1	0.625J
104	w4	1188	1	0.625J
105	w3	1188	1	0.625J
106	w4	1188	1	0.625J
107	w3	1188	1	0.625J
108	w4	1188	1	0.625J
109	w3	1188	1	0.625J
110	w4	1188	1	0.625J
111	w3	1188	1	0.625J
112	w4	1188	1	0.625J
113	w3	1188	1	0.625J
114	w4	1188	1	0.625J
115	w3	1188	1	0.625J
116	w4	1188	1	0.625J
117	w3	1188	1	0.625J
118	w4	1188	1	0.625J
119	w3	1188	1	0.625J
120	w4	1188	1	0.625J
121	w3	1188	1	0.625J
122	w4	1188	1	0.625J
123	w3	1188	1	0.625J
124	w4	1188	1	0.625J
125	w3	1188	1	0.625J
126	w4	1188	1	0.625J
127	w3	1188	1	0.625J
128	w4	1188	1	0.625J
129	w3	1188	1	0.625J
130	w4	1188	1	0.625J
131	w3	1188	1	0.625J
132	w4	1188	1	0.625J
133	w3	1188	1	0.625J
134	w4	1188	1	0.625J
135	w3	1188	1	0.625J
136	w4	1188	1	0.625J
137	w3	1188	1	0.625J
138	w4	1188	1	0.625J
139	w3	1188	1	0.625J
140	w4	1188	1	0.625J
141	w3	1188	1	0.625J
142	w4	1188	1	0.625J
143	w3	1188	1	0.625J
144	w4	1188	1	0.625J
145	w3	1188	1	0.625J
146	w4	1188	1	0.625J
147	w3	1188	1	0.625J
148	w4	1188	1	0.625J
149	w3	1188	1	0.625J
150	w4	1188	1	0.625J
151	w3	1188	1	0.625J
152	w4	1188	1	0.625J
153	w3	1188	1	0.625J
154	w4	1188	1	0.625J
155	w3	1188	1	0.625J
156	w4	1188	1	0.625J
157	w3	1188	1	0.625J
158	w4	1188	1	0.625J
159	w3	1188	1	0.625J
160	w4	1188	1	0.625J
161	w3	1188	1	0.625J
162	w4	1188	1	0.625J
163	w3	1188	1	0.625J
164	w4	1188	1	0.625J
165	w3	1188	1	0.625J
166	w4	1188	1	0.625J
167	w3	1188	1	0.625J
168	w4	1188	1	0.625J
169	w3	1188	1	0.625J
170	w4	1188	1	0.625J
171	w3	1188	1	0.625J
172	w4	1188	1	0.625J
173	w3	1188	1	0.625J
174	w4	1188	1	0.625J
175	w3	1188	1	0.625J
176	w4	1188	1	0.625J
177	w3	1188	1	0.625J
178	w4	1188	1	0.625J
179	w3	1188	1	0.625J
180	w4	1188	1	0.625J
181	w3	1188	1	0.625J
182	w4	1188	1	0.625J
183	w3	1188	1	0.625J
184	w4	1188	1	0.625J
185	w3	1188	1	0.625J
186	w4	1188	1	0.625J
187	w3	1188	17	10.625J
204	w1	1188	1	0.625J
205	w3	1188	1	0.625J
206	w1	1188	1	0.625J
207	w3	1188	1	0.625J
208	w1	1188	1	0.625J
209	w3	1188	1	0.625J
210	w1	1188	1	0.625J
211	w3	1188	1	0.625J
212	w1	1188	1	0.625J
213	w3	1188	1	0.625J
214	w1	1188	1	0.625J
215	w3	1188	1	0.625J
216	w1	1188	1	0.625J
217	w3	1188	1	0.625J
218	w1	1188	1	0.625J
219	w3	1188	1	0.625J
220	w1	1188	1	0.625J
221	w3	1188	1	0.625J
222	w1	1188	1	0.625J
223	w3	1188	1	0.625J
224	w1	1188	1	0.625J
225	w3	1188	1	0.625J
226	w1	1188	1	0.625J
227	w3	1188	1	0.625J
228	w1	1188	1	0.625J
229	w3	1188	1	0.625J
230	w1	1188	1	0.625J
231	w3	1188	1	0.625J
232	w1	1188	1	0.625J
233	w3	1188	1	0.625J
234	w1	1188	1	0.625J
235	w3	1188	1	0.625J
236	w1	1188	1	0.625J
237	w3	1188	1	0.625J
238	w1	1188	1	0.625J
239	w3	1188	1	0.625J
240	w1	1188	1	0.625J
241	w3	1188	1	0.625J
242	w1	1188	1	0.625J
243	w3	1188	1	0.625J
244	w1	1188	1	0.625J
245	w3	1188	1	0.625J
246	w1	1188	1	0.625J
247	w3	1188	1	0.625J
248	w1	1188	1	0.625J
249	w3	1188	1	0.625J
250	w1	1188	1	0.625J
251	w3	1188	1	0.625J
252	w1	1188	1	0.625J
253	w3	1188	1	0.625J
254	w1	1188	1	0.625J
255	w3	1188	1	0.625J
256	w1	1188	1	0.625J
257	w3	1188	1	0.625J
258	w1	1188	1	0.625J
259	w3	1188	1	0.625J
260	w1	1188	1	0.625J
261	w3	1188	1	0.625J
262	w1	1188	1	0.625J
263	w3	1188	1	0.625J
264	w1	1188	1	0.625J
265	w3	1188	1	0.625J
266	w1	1188	1	0.625J
267	w3	1188	1	0.625J
268	w1	1188	1	0.625J
269	w3	1188	1	0.625J
270	w1	1188	20	12.5J
290	IDLE	IDLE	11	0.924J
301	w5	1188	35	21.875J
336	w2	1188	40	25.0J
376	IDLE	IDLE	75	6.300000000000001J
451	w4	1188	54	33.75J
505	w3	1188	1	0.625J
506	w4	1188	1	0.625J
507	w3	1188	1	0.625J
508	w4	1188	1	0.625J
509	w3	1188	1	0.625J
510	w4	1188	1	0.625J
511	w3	1188	89	55.625J
600	w1	1188	1	0.625J
601	w5	1188	35	21.875J
636	w3	1188	1	0.625J
637	w1	1188	1	0.625J
638	w3	1188	1	0.625J
639	w1	1188	1	0.625J
640	w3	1188	1	0.625J
641	w2	1188	40	25.0J
681	w1	1188	1	0.625J
682	w3	1188	1	0.625J
683	w1	1188	1	0.625J
684	w3	1188	1	0.625J
685	w1	1188	1	0.625J
686	w3	1188	1	0.625J
687	w1	1188	1	0.625J
688	w3	1188	1	0.625J
689	w1	1188	1	0.625J
690	w3	1188	1	0.625J
691	w1	1188	1	0.625J
692	w3	1188	1	0.625J
693	w1	1188	1	0.625J
694	w3	1188	1	0.625J
695	w1	1188	1	0.625J
696	w3	1188	1	0.625J
697	w1	1188	1	0.625J
698	w3	1188	1	0.625J
699	w1	1188	41	25.625J
740	IDLE	IDLE	161	13.524000000000001J
901	w5	1188	35	21.875J
936	w4	1188	25	15.625J
961	w2	1188	40	25.0J
Total energy consumed: 491.37300000000005J
% of time spent idle: 24.7%
Total execution time: 753s
