1	w5	1188	35	21.875J
36	w2	1188	40	25.0J
76	w4	1188	57	35.625J
133	w3	1188	104	65.0J
237	w1	918	66	29.502J
303	w5	1188	35	21.875J
338	w2	1188	40	25.0J
378	IDLE	IDLE	73	6.132000000000001J
451	w4	1188	57	35.625J
508	w3	1188	93	58.125J
601	w5	1188	35	21.875J
636	w3	1188	5	3.125J
641	w2	1188	40	25.0J
681	w3	1188	6	3.75J
687	w1	918	66	29.502J
753	IDLE	IDLE	148	12.432J
901	w5	1188	35	21.875J
936	w4	1188	25	15.625J
961	w2	1188	40	25.0J
Total energy consumed: 481.94300000000004J
% of time spent idle: 22.1%
Total execution time: 779s
